#
# There is insufficient memory for the Java Runtime Environment to continue.
# Native memory allocation (mmap) failed to map 132120576 bytes for Failed to commit area from 0x0000000082200000 to 0x000000008a000000 of length 132120576.
# Possible reasons:
#   The system is out of physical RAM or swap space
#   The process is running with CompressedOops enabled, and the Java Heap may be blocking the growth of the native heap
# Possible solutions:
#   Reduce memory load on the system
#   Increase physical memory or swap space
#   Check if swap backing store is full
#   Decrease Java heap size (-Xmx/-Xms)
#   Decrease number of Java threads
#   Decrease Java thread stack sizes (-Xss)
#   Set larger code cache with -XX:ReservedCodeCacheSize=
# This output file may be truncated or incomplete.
#
#  Out of Memory Error (t:/workspace/open/src/hotspot/os/windows/os_windows.cpp:3269), pid=2420, tid=4548
#
# JRE version:  (11.0+28) (build )
# Java VM: Java HotSpot(TM) 64-Bit Server VM (11+28, mixed mode, aot, sharing, tiered, compressed oops, g1 gc, windows-amd64)
# No core dump will be written. Minidumps are not enabled by default on client versions of Windows
#

---------------  S U M M A R Y ------------

Command Line: -javaagent:D:\instal\JetBrains IntelliJ IDEA Ultimate 2020.1 x64\ideaIU-2020.1.windows\lib\idea_rt.jar=55964:D:\instal\JetBrains IntelliJ IDEA Ultimate 2020.1 x64\ideaIU-2020.1.windows\bin -Dfile.encoding=UTF-8 Main.Screen

Host: Intel(R) Core(TM) i7-8750H CPU @ 2.20GHz, 12 cores, 7G,  Windows 10 , 64 bit Build 19041 (10.0.19041.1466)
Time: Fri Mar 25 22:00:46 2022 RTZ 2 (зима) elapsed time: 0 seconds (0d 0h 0m 0s)

---------------  T H R E A D  ---------------

Current thread (0x0000026afeef3000):  JavaThread "Unknown thread" [_thread_in_vm, id=4548, stack(0x000000d8c8e00000,0x000000d8c8f00000)]

Stack: [0x000000d8c8e00000,0x000000d8c8f00000]
Native frames: (J=compiled Java code, j=interpreted, Vv=VM code, C=native code)
V  [jvm.dll+0x63c22a]
V  [jvm.dll+0x7797ef]
V  [jvm.dll+0x77adda]
V  [jvm.dll+0x77b493]
V  [jvm.dll+0x262818]
V  [jvm.dll+0x6396da]
V  [jvm.dll+0x62dfb5]
V  [jvm.dll+0x31699c]
V  [jvm.dll+0x316822]
V  [jvm.dll+0x31c096]
V  [jvm.dll+0x3684af]
V  [jvm.dll+0x367ed0]
V  [jvm.dll+0x2f38b8]
V  [jvm.dll+0x2f4a16]
V  [jvm.dll+0x752db7]
V  [jvm.dll+0x7544ff]
V  [jvm.dll+0x3752e9]
V  [jvm.dll+0x7394b9]
V  [jvm.dll+0x3e46fd]
V  [jvm.dll+0x3e69d1]
C  [java.exe+0x3603]
C  [java.exe+0x178dc]
C  [KERNEL32.DLL+0x17034]
C  [ntdll.dll+0x52651]


---------------  P R O C E S S  ---------------

Threads class SMR info:
_java_thread_list=0x0000026afd5f3060, length=0, elements={
}

Java Threads: ( => current thread )

Other Threads:
  0x0000026afef0a000 GCTaskThread "GC Thread#0" [stack: 0x000000d8c8f00000,0x000000d8c9000000] [id=7968]
  0x0000026afef3c800 ConcurrentGCThread "G1 Main Marker" [stack: 0x000000d8c9000000,0x000000d8c9100000] [id=7704]
  0x0000026afef3d800 ConcurrentGCThread "G1 Conc#0" [stack: 0x000000d8c9100000,0x000000d8c9200000] [id=2300]

[error occurred during error reporting (printing all threads), id 0xc0000005, EXCEPTION_ACCESS_VIOLATION (0xc0000005) at pc=0x00007ffecc5b2137]

VM state:not at safepoint (not fully initialized)

VM Mutex/Monitor currently owned by a thread:  ([mutex/lock_event])
[0x0000026afeef0c80] Heap_lock - owner thread: 0x0000026afeef3000

Heap address: 0x0000000082200000, size: 2014 MB, Compressed Oops mode: Non-zero based: 0x0000000082200000
Narrow klass base: 0x0000000000000000, Narrow klass shift: 0

GC Heap History (0 events):
No events

Deoptimization events (0 events):
No events

Classes redefined (0 events):
No events

Internal exceptions (0 events):
No events

Events (0 events):
No events


Dynamic libraries:
0x00007ff6b4ab0000 - 0x00007ff6b4af7000 	C:\Program Files\Java\jdk-11\bin\java.exe
0x00007fff0b9f0000 - 0x00007fff0bbe5000 	C:\WINDOWS\SYSTEM32\ntdll.dll
0x00007fff09de0000 - 0x00007fff09e9e000 	C:\WINDOWS\System32\KERNEL32.DLL
0x00007fff09650000 - 0x00007fff09918000 	C:\WINDOWS\System32\KERNELBASE.dll
0x00007fff09a30000 - 0x00007fff09ade000 	C:\WINDOWS\System32\ADVAPI32.dll
0x00007fff0a3f0000 - 0x00007fff0a48e000 	C:\WINDOWS\System32\msvcrt.dll
0x00007fff09c70000 - 0x00007fff09d0c000 	C:\WINDOWS\System32\sechost.dll
0x00007fff09b40000 - 0x00007fff09c65000 	C:\WINDOWS\System32\RPCRT4.dll
0x00007fff0b7e0000 - 0x00007fff0b981000 	C:\WINDOWS\System32\USER32.dll
0x00007fff095f0000 - 0x00007fff09612000 	C:\WINDOWS\System32\win32u.dll
0x00007fff0aca0000 - 0x00007fff0accb000 	C:\WINDOWS\System32\GDI32.dll
0x00007fff09920000 - 0x00007fff09a2d000 	C:\WINDOWS\System32\gdi32full.dll
0x00007fff09550000 - 0x00007fff095ed000 	C:\WINDOWS\System32\msvcp_win.dll
0x00007fff09450000 - 0x00007fff09550000 	C:\WINDOWS\System32\ucrtbase.dll
0x00007ffef5b10000 - 0x00007ffef5daa000 	C:\WINDOWS\WinSxS\amd64_microsoft.windows.common-controls_6595b64144ccf1df_6.0.19041.1110_none_60b5254171f9507e\COMCTL32.dll
0x00007fff01880000 - 0x00007fff0188a000 	C:\WINDOWS\SYSTEM32\VERSION.dll
0x00007fff0a550000 - 0x00007fff0a580000 	C:\WINDOWS\System32\IMM32.DLL
0x00007fff04230000 - 0x00007fff04246000 	C:\Program Files\Java\jdk-11\bin\vcruntime140.dll
0x00007fff02550000 - 0x00007fff025fa000 	C:\Program Files\Java\jdk-11\bin\msvcp140.dll
0x00007ffecc2b0000 - 0x00007ffeccdf2000 	C:\Program Files\Java\jdk-11\bin\server\jvm.dll
0x00007fff0a490000 - 0x00007fff0a498000 	C:\WINDOWS\System32\PSAPI.DLL
0x00007ffee7a20000 - 0x00007ffee7a29000 	C:\WINDOWS\SYSTEM32\WSOCK32.dll
0x00007ffef5f60000 - 0x00007ffef5f87000 	C:\WINDOWS\SYSTEM32\WINMM.dll
0x00007fff0a020000 - 0x00007fff0a08b000 	C:\WINDOWS\System32\WS2_32.dll
0x00007fff07980000 - 0x00007fff07992000 	C:\WINDOWS\SYSTEM32\kernel.appcore.dll
0x00007fff04050000 - 0x00007fff04061000 	C:\Program Files\Java\jdk-11\bin\verify.dll
0x00007fff076b0000 - 0x00007fff07894000 	C:\WINDOWS\SYSTEM32\DBGHELP.DLL
0x00007ffef4bf0000 - 0x00007ffef4c1c000 	C:\WINDOWS\SYSTEM32\dbgcore.DLL
0x00007fff09310000 - 0x00007fff09392000 	C:\WINDOWS\System32\bcryptPrimitives.dll
0x00007fff03fe0000 - 0x00007fff04009000 	C:\Program Files\Java\jdk-11\bin\java.dll
0x00007fff00a00000 - 0x00007fff00a2f000 	C:\Program Files\Java\jdk-11\bin\instrument.dll
0x00007fff04030000 - 0x00007fff04046000 	C:\Program Files\Java\jdk-11\bin\zip.dll
0x00007fff04220000 - 0x00007fff0422a000 	C:\Program Files\Java\jdk-11\bin\jimage.dll

dbghelp: loaded successfully - version: 4.0.5 - missing functions: none
symbol engine: initialized successfully - sym options: 0x614 - pdb path: .;C:\Program Files\Java\jdk-11\bin;C:\WINDOWS\SYSTEM32;C:\WINDOWS\WinSxS\amd64_microsoft.windows.common-controls_6595b64144ccf1df_6.0.19041.1110_none_60b5254171f9507e;C:\Program Files\Java\jdk-11\bin\server

VM Arguments:
jvm_args: -javaagent:D:\instal\JetBrains IntelliJ IDEA Ultimate 2020.1 x64\ideaIU-2020.1.windows\lib\idea_rt.jar=55964:D:\instal\JetBrains IntelliJ IDEA Ultimate 2020.1 x64\ideaIU-2020.1.windows\bin -Dfile.encoding=UTF-8 
java_command: Main.Screen
java_class_path (initial): C:\Users\sofiy\Desktop\ALL\Lesson\Project\Snake\out\production\Snape
Launcher Type: SUN_STANDARD

[Global flags]
     intx CICompilerCount                          = 4                                         {product} {ergonomic}
     uint ConcGCThreads                            = 3                                         {product} {ergonomic}
     uint G1ConcRefinementThreads                  = 10                                        {product} {ergonomic}
   size_t G1HeapRegionSize                         = 1048576                                   {product} {ergonomic}
    uintx GCDrainStackTargetSize                   = 64                                        {product} {ergonomic}
   size_t InitialHeapSize                          = 132120576                                 {product} {ergonomic}
   size_t MarkStackSize                            = 4194304                                   {product} {ergonomic}
   size_t MaxHeapSize                              = 2111832064                                {product} {ergonomic}
   size_t MinHeapDeltaBytes                        = 1048576                                   {product} {ergonomic}
    uintx NonNMethodCodeHeapSize                   = 5835340                                {pd product} {ergonomic}
    uintx NonProfiledCodeHeapSize                  = 122911450                              {pd product} {ergonomic}
    uintx ProfiledCodeHeapSize                     = 122911450                              {pd product} {ergonomic}
    uintx ReservedCodeCacheSize                    = 251658240                              {pd product} {ergonomic}
     bool SegmentedCodeCache                       = true                                      {product} {ergonomic}
     bool UseCompressedClassPointers               = true                                 {lp64_product} {ergonomic}
     bool UseCompressedOops                        = true                                 {lp64_product} {ergonomic}
     bool UseG1GC                                  = true                                      {product} {ergonomic}
     bool UseLargePagesIndividualAllocation        = false                                  {pd product} {ergonomic}

Logging:
Log output configuration:
 #0: stdout all=warning uptime,level,tags
 #1: stderr all=off uptime,level,tags

Environment Variables:
PATH=C:\Program Files (x86)\Common Files\Oracle\Java\javapath;C:\Program Files (x86)\Common Files\Intel\Shared Libraries\redist\intel64_win\compiler;C:\WINDOWS\system32;C:\WINDOWS;C:\WINDOWS\System32\Wbem;C:\WINDOWS\System32\WindowsPowerShell\v1.0\;C:\WINDOWS\System32\OpenSSH\;C:\Program Files (x86)\Rational\common;C:\Program Files\MySQL\MySQL Shell 8.0\bin\;C:\Users\sofiy\AppData\Local\Microsoft\WindowsApps;;C:\intelIDEA\IntelliJ IDEA Community Edition 2021.2.1\bin;
USERNAME=Leonardo
OS=Windows_NT
PROCESSOR_IDENTIFIER=Intel64 Family 6 Model 158 Stepping 10, GenuineIntel



---------------  S Y S T E M  ---------------

OS: Windows 10 , 64 bit Build 19041 (10.0.19041.1466)

CPU:total 12 (initial active 12) (6 cores per cpu, 2 threads per core) family 6 model 158 stepping 10, cmov, cx8, fxsr, mmx, sse, sse2, sse3, ssse3, sse4.1, sse4.2, popcnt, avx, avx2, aes, clmul, erms, 3dnowpref, lzcnt, ht, tsc, tscinvbit, bmi1, bmi2, adx, fma

Memory: 4k page, system-wide physical 8051M (1357M free)
TotalPageFile size 8851M (AvailPageFile size 96M)
current process WorkingSet (physical memory assigned to process): 10M, peak: 10M
current process commit charge ("private bytes"): 64M, peak: 190M

vm_info: Java HotSpot(TM) 64-Bit Server VM (11+28) for windows-amd64 JRE (11+28), built on Aug 23 2018 03:03:59 by "mach5one" with MS VC++ 15.5 (VS2017)

END.
